<?xml version="1.0" encoding="UTF-8"?>
<testng-results ignored="0" total="13" passed="13" failed="0" skipped="0">
  <reporter-output>
  </reporter-output>
  <suite started-at="2023-11-20T21:38:55 EST" name="Default suite" finished-at="2023-11-20T21:39:05 EST" duration-ms="9402">
    <groups>
      <group name="cucumber">
        <method signature="AbstractTestNGCucumberTests.runScenario(io.cucumber.testng.PickleWrapper,io.cucumber.testng.FeatureWrapper)[pri:0, instance:com.runner.TestRunner@221a3fa4]" name="runScenario" class="io.cucumber.testng.AbstractTestNGCucumberTests"/>
      </group> <!-- cucumber -->
    </groups>
    <test started-at="2023-11-20T21:38:55 EST" name="Default test" finished-at="2023-11-20T21:39:05 EST" duration-ms="9402">
      <class name="com.runner.TestRunner">
        <test-method is-config="true" signature="setUpClass(org.testng.ITestContext)[pri:0, instance:com.runner.TestRunner@221a3fa4]" started-at="2023-11-20T21:38:55 EST" name="setUpClass" finished-at="2023-11-20T21:38:56 EST" duration-ms="676" status="PASS">
          <params>
            <param index="0">
              <value>
                <![CDATA[org.testng.TestRunner@1c9975a8]]>
              </value>
            </param>
          </params>
          <reporter-output>
          </reporter-output>
        </test-method> <!-- setUpClass -->
        <test-method signature="runScenario(io.cucumber.testng.PickleWrapper,io.cucumber.testng.FeatureWrapper)[pri:0, instance:com.runner.TestRunner@221a3fa4]" started-at="2023-11-20T21:38:56 EST" name="runScenario" description="Runs Cucumber Scenarios" data-provider="scenarios" finished-at="2023-11-20T21:39:00 EST" duration-ms="4376" status="PASS">
          <params>
            <param index="0">
              <value>
                <![CDATA["Valid User Login"]]>
              </value>
            </param>
            <param index="1">
              <value>
                <![CDATA["User Login"]]>
              </value>
            </param>
          </params>
          <reporter-output>
          </reporter-output>
        </test-method> <!-- runScenario -->
        <test-method signature="runScenario(io.cucumber.testng.PickleWrapper,io.cucumber.testng.FeatureWrapper)[pri:0, instance:com.runner.TestRunner@221a3fa4]" started-at="2023-11-20T21:39:00 EST" name="runScenario" description="Runs Cucumber Scenarios" data-provider="scenarios" finished-at="2023-11-20T21:39:01 EST" duration-ms="259" status="PASS">
          <params>
            <param index="0">
              <value>
                <![CDATA["User gets all morbidity details"]]>
              </value>
            </param>
            <param index="1">
              <value>
                <![CDATA["Morbidity Controller"]]>
              </value>
            </param>
          </params>
          <reporter-output>
          </reporter-output>
        </test-method> <!-- runScenario -->
        <test-method signature="runScenario(io.cucumber.testng.PickleWrapper,io.cucumber.testng.FeatureWrapper)[pri:0, instance:com.runner.TestRunner@221a3fa4]" started-at="2023-11-20T21:39:01 EST" name="runScenario" description="Runs Cucumber Scenarios" data-provider="scenarios" finished-at="2023-11-20T21:39:01 EST" duration-ms="430" status="PASS">
          <params>
            <param index="0">
              <value>
                <![CDATA["User retrieve Morbidity condition by Test name"]]>
              </value>
            </param>
            <param index="1">
              <value>
                <![CDATA["Morbidity Controller"]]>
              </value>
            </param>
          </params>
          <reporter-output>
          </reporter-output>
        </test-method> <!-- runScenario -->
        <test-method signature="runScenario(io.cucumber.testng.PickleWrapper,io.cucumber.testng.FeatureWrapper)[pri:0, instance:com.runner.TestRunner@221a3fa4]" started-at="2023-11-20T21:39:01 EST" name="runScenario" description="Runs Cucumber Scenarios" data-provider="scenarios" finished-at="2023-11-20T21:39:01 EST" duration-ms="363" status="PASS">
          <params>
            <param index="0">
              <value>
                <![CDATA["User retrieve Morbidity condition by Test name"]]>
              </value>
            </param>
            <param index="1">
              <value>
                <![CDATA["Morbidity Controller"]]>
              </value>
            </param>
          </params>
          <reporter-output>
          </reporter-output>
        </test-method> <!-- runScenario -->
        <test-method signature="runScenario(io.cucumber.testng.PickleWrapper,io.cucumber.testng.FeatureWrapper)[pri:0, instance:com.runner.TestRunner@221a3fa4]" started-at="2023-11-20T21:39:01 EST" name="runScenario" description="Runs Cucumber Scenarios" data-provider="scenarios" finished-at="2023-11-20T21:39:02 EST" duration-ms="273" status="PASS">
          <params>
            <param index="0">
              <value>
                <![CDATA["Get All Patient Details"]]>
              </value>
            </param>
            <param index="1">
              <value>
                <![CDATA["Patient Controller"]]>
              </value>
            </param>
          </params>
          <reporter-output>
          </reporter-output>
        </test-method> <!-- runScenario -->
        <test-method signature="runScenario(io.cucumber.testng.PickleWrapper,io.cucumber.testng.FeatureWrapper)[pri:0, instance:com.runner.TestRunner@221a3fa4]" started-at="2023-11-20T21:39:02 EST" name="runScenario" description="Runs Cucumber Scenarios" data-provider="scenarios" finished-at="2023-11-20T21:39:02 EST" duration-ms="481" status="PASS">
          <params>
            <param index="0">
              <value>
                <![CDATA["Dietician creates patient deatils"]]>
              </value>
            </param>
            <param index="1">
              <value>
                <![CDATA["Patient Controller"]]>
              </value>
            </param>
          </params>
          <reporter-output>
          </reporter-output>
        </test-method> <!-- runScenario -->
        <test-method signature="runScenario(io.cucumber.testng.PickleWrapper,io.cucumber.testng.FeatureWrapper)[pri:0, instance:com.runner.TestRunner@221a3fa4]" started-at="2023-11-20T21:39:02 EST" name="runScenario" description="Runs Cucumber Scenarios" data-provider="scenarios" finished-at="2023-11-20T21:39:02 EST" duration-ms="281" status="PASS">
          <params>
            <param index="0">
              <value>
                <![CDATA["Dietician updates patient details"]]>
              </value>
            </param>
            <param index="1">
              <value>
                <![CDATA["Patient Controller"]]>
              </value>
            </param>
          </params>
          <reporter-output>
          </reporter-output>
        </test-method> <!-- runScenario -->
        <test-method signature="runScenario(io.cucumber.testng.PickleWrapper,io.cucumber.testng.FeatureWrapper)[pri:0, instance:com.runner.TestRunner@221a3fa4]" started-at="2023-11-20T21:39:02 EST" name="runScenario" description="Runs Cucumber Scenarios" data-provider="scenarios" finished-at="2023-11-20T21:39:03 EST" duration-ms="228" status="PASS">
          <params>
            <param index="0">
              <value>
                <![CDATA["Dietician delete patient details"]]>
              </value>
            </param>
            <param index="1">
              <value>
                <![CDATA["Patient Controller"]]>
              </value>
            </param>
          </params>
          <reporter-output>
          </reporter-output>
        </test-method> <!-- runScenario -->
        <test-method signature="runScenario(io.cucumber.testng.PickleWrapper,io.cucumber.testng.FeatureWrapper)[pri:0, instance:com.runner.TestRunner@221a3fa4]" started-at="2023-11-20T21:39:03 EST" name="runScenario" description="Runs Cucumber Scenarios" data-provider="scenarios" finished-at="2023-11-20T21:39:03 EST" duration-ms="202" status="PASS">
          <params>
            <param index="0">
              <value>
                <![CDATA["Logout User"]]>
              </value>
            </param>
            <param index="1">
              <value>
                <![CDATA["Patient test report"]]>
              </value>
            </param>
          </params>
          <reporter-output>
          </reporter-output>
        </test-method> <!-- runScenario -->
        <test-method signature="runScenario(io.cucumber.testng.PickleWrapper,io.cucumber.testng.FeatureWrapper)[pri:0, instance:com.runner.TestRunner@221a3fa4]" started-at="2023-11-20T21:39:03 EST" name="runScenario" description="Runs Cucumber Scenarios" data-provider="scenarios" finished-at="2023-11-20T21:39:03 EST" duration-ms="306" status="PASS">
          <params>
            <param index="0">
              <value>
                <![CDATA["Patient Login"]]>
              </value>
            </param>
            <param index="1">
              <value>
                <![CDATA["Patient test report"]]>
              </value>
            </param>
          </params>
          <reporter-output>
          </reporter-output>
        </test-method> <!-- runScenario -->
        <test-method signature="runScenario(io.cucumber.testng.PickleWrapper,io.cucumber.testng.FeatureWrapper)[pri:0, instance:com.runner.TestRunner@221a3fa4]" started-at="2023-11-20T21:39:03 EST" name="runScenario" description="Runs Cucumber Scenarios" data-provider="scenarios" finished-at="2023-11-20T21:39:04 EST" duration-ms="549" status="PASS">
          <params>
            <param index="0">
              <value>
                <![CDATA["Patient test Report"]]>
              </value>
            </param>
            <param index="1">
              <value>
                <![CDATA["Patient test report"]]>
              </value>
            </param>
          </params>
          <reporter-output>
          </reporter-output>
        </test-method> <!-- runScenario -->
        <test-method signature="runScenario(io.cucumber.testng.PickleWrapper,io.cucumber.testng.FeatureWrapper)[pri:0, instance:com.runner.TestRunner@221a3fa4]" started-at="2023-11-20T21:39:04 EST" name="runScenario" description="Runs Cucumber Scenarios" data-provider="scenarios" finished-at="2023-11-20T21:39:04 EST" duration-ms="429" status="PASS">
          <params>
            <param index="0">
              <value>
                <![CDATA["patient view test reports as files with invalid fileid"]]>
              </value>
            </param>
            <param index="1">
              <value>
                <![CDATA["Patient test report"]]>
              </value>
            </param>
          </params>
          <reporter-output>
          </reporter-output>
        </test-method> <!-- runScenario -->
        <test-method signature="runScenario(io.cucumber.testng.PickleWrapper,io.cucumber.testng.FeatureWrapper)[pri:0, instance:com.runner.TestRunner@221a3fa4]" started-at="2023-11-20T21:39:04 EST" name="runScenario" description="Runs Cucumber Scenarios" data-provider="scenarios" finished-at="2023-11-20T21:39:04 EST" duration-ms="322" status="PASS">
          <params>
            <param index="0">
              <value>
                <![CDATA["patient view test reports as files with valid fileid"]]>
              </value>
            </param>
            <param index="1">
              <value>
                <![CDATA["Patient test report"]]>
              </value>
            </param>
          </params>
          <reporter-output>
          </reporter-output>
        </test-method> <!-- runScenario -->
        <test-method is-config="true" signature="tearDownClass()[pri:0, instance:com.runner.TestRunner@221a3fa4]" started-at="2023-11-20T21:39:04 EST" name="tearDownClass" finished-at="2023-11-20T21:39:05 EST" duration-ms="98" status="PASS">
          <reporter-output>
          </reporter-output>
        </test-method> <!-- tearDownClass -->
      </class> <!-- com.runner.TestRunner -->
    </test> <!-- Default test -->
  </suite> <!-- Default suite -->
</testng-results>
