<?xml version="1.0" encoding="UTF-8"?>
<testng-results ignored="0" total="12" passed="12" failed="0" skipped="0">
  <reporter-output>
  </reporter-output>
  <suite started-at="2023-11-21T12:49:28 EST" name="Default suite" finished-at="2023-11-21T12:49:40 EST" duration-ms="11254">
    <groups>
      <group name="cucumber">
        <method signature="AbstractTestNGCucumberTests.runScenario(io.cucumber.testng.PickleWrapper,io.cucumber.testng.FeatureWrapper)[pri:0, instance:com.runner.TestRunner@2b40ff9c]" name="runScenario" class="io.cucumber.testng.AbstractTestNGCucumberTests"/>
      </group> <!-- cucumber -->
    </groups>
    <test started-at="2023-11-21T12:49:28 EST" name="Default test" finished-at="2023-11-21T12:49:40 EST" duration-ms="11254">
      <class name="com.runner.TestRunner">
        <test-method is-config="true" signature="setUpClass(org.testng.ITestContext)[pri:0, instance:com.runner.TestRunner@2b40ff9c]" started-at="2023-11-21T12:49:28 EST" name="setUpClass" finished-at="2023-11-21T12:49:30 EST" duration-ms="1550" status="PASS">
          <params>
            <param index="0">
              <value>
                <![CDATA[org.testng.TestRunner@4efe014f]]>
              </value>
            </param>
          </params>
          <reporter-output>
          </reporter-output>
        </test-method> <!-- setUpClass -->
        <test-method signature="runScenario(io.cucumber.testng.PickleWrapper,io.cucumber.testng.FeatureWrapper)[pri:0, instance:com.runner.TestRunner@2b40ff9c]" started-at="2023-11-21T12:49:30 EST" name="runScenario" description="Runs Cucumber Scenarios" data-provider="scenarios" finished-at="2023-11-21T12:49:36 EST" duration-ms="5893" status="PASS">
          <params>
            <param index="0">
              <value>
                <![CDATA["Login with Different User Credentials"]]>
              </value>
            </param>
            <param index="1">
              <value>
                <![CDATA["User Login"]]>
              </value>
            </param>
          </params>
          <reporter-output>
          </reporter-output>
        </test-method> <!-- runScenario -->
        <test-method signature="runScenario(io.cucumber.testng.PickleWrapper,io.cucumber.testng.FeatureWrapper)[pri:0, instance:com.runner.TestRunner@2b40ff9c]" started-at="2023-11-21T12:49:36 EST" name="runScenario" description="Runs Cucumber Scenarios" data-provider="scenarios" finished-at="2023-11-21T12:49:36 EST" duration-ms="306" status="PASS">
          <params>
            <param index="0">
              <value>
                <![CDATA["User gets all morbidity details"]]>
              </value>
            </param>
            <param index="1">
              <value>
                <![CDATA["Morbidity Controller"]]>
              </value>
            </param>
          </params>
          <reporter-output>
          </reporter-output>
        </test-method> <!-- runScenario -->
        <test-method signature="runScenario(io.cucumber.testng.PickleWrapper,io.cucumber.testng.FeatureWrapper)[pri:0, instance:com.runner.TestRunner@2b40ff9c]" started-at="2023-11-21T12:49:36 EST" name="runScenario" description="Runs Cucumber Scenarios" data-provider="scenarios" finished-at="2023-11-21T12:49:37 EST" duration-ms="437" status="PASS">
          <params>
            <param index="0">
              <value>
                <![CDATA["User retrieve Morbidity condition by Test name"]]>
              </value>
            </param>
            <param index="1">
              <value>
                <![CDATA["Morbidity Controller"]]>
              </value>
            </param>
          </params>
          <reporter-output>
          </reporter-output>
        </test-method> <!-- runScenario -->
        <test-method signature="runScenario(io.cucumber.testng.PickleWrapper,io.cucumber.testng.FeatureWrapper)[pri:0, instance:com.runner.TestRunner@2b40ff9c]" started-at="2023-11-21T12:49:37 EST" name="runScenario" description="Runs Cucumber Scenarios" data-provider="scenarios" finished-at="2023-11-21T12:49:37 EST" duration-ms="366" status="PASS">
          <params>
            <param index="0">
              <value>
                <![CDATA["User retrieve Morbidity condition by Test name"]]>
              </value>
            </param>
            <param index="1">
              <value>
                <![CDATA["Morbidity Controller"]]>
              </value>
            </param>
          </params>
          <reporter-output>
          </reporter-output>
        </test-method> <!-- runScenario -->
        <test-method signature="runScenario(io.cucumber.testng.PickleWrapper,io.cucumber.testng.FeatureWrapper)[pri:0, instance:com.runner.TestRunner@2b40ff9c]" started-at="2023-11-21T12:49:37 EST" name="runScenario" description="Runs Cucumber Scenarios" data-provider="scenarios" finished-at="2023-11-21T12:49:37 EST" duration-ms="239" status="PASS">
          <params>
            <param index="0">
              <value>
                <![CDATA["Get All Patient Details"]]>
              </value>
            </param>
            <param index="1">
              <value>
                <![CDATA["Patient Controller"]]>
              </value>
            </param>
          </params>
          <reporter-output>
          </reporter-output>
        </test-method> <!-- runScenario -->
        <test-method signature="runScenario(io.cucumber.testng.PickleWrapper,io.cucumber.testng.FeatureWrapper)[pri:0, instance:com.runner.TestRunner@2b40ff9c]" started-at="2023-11-21T12:49:37 EST" name="runScenario" description="Runs Cucumber Scenarios" data-provider="scenarios" finished-at="2023-11-21T12:49:38 EST" duration-ms="530" status="PASS">
          <params>
            <param index="0">
              <value>
                <![CDATA["Dietician creates patient deatils"]]>
              </value>
            </param>
            <param index="1">
              <value>
                <![CDATA["Patient Controller"]]>
              </value>
            </param>
          </params>
          <reporter-output>
          </reporter-output>
        </test-method> <!-- runScenario -->
        <test-method signature="runScenario(io.cucumber.testng.PickleWrapper,io.cucumber.testng.FeatureWrapper)[pri:0, instance:com.runner.TestRunner@2b40ff9c]" started-at="2023-11-21T12:49:38 EST" name="runScenario" description="Runs Cucumber Scenarios" data-provider="scenarios" finished-at="2023-11-21T12:49:38 EST" duration-ms="234" status="PASS">
          <params>
            <param index="0">
              <value>
                <![CDATA["Dietician updates patient details"]]>
              </value>
            </param>
            <param index="1">
              <value>
                <![CDATA["Patient Controller"]]>
              </value>
            </param>
          </params>
          <reporter-output>
          </reporter-output>
        </test-method> <!-- runScenario -->
        <test-method signature="runScenario(io.cucumber.testng.PickleWrapper,io.cucumber.testng.FeatureWrapper)[pri:0, instance:com.runner.TestRunner@2b40ff9c]" started-at="2023-11-21T12:49:38 EST" name="runScenario" description="Runs Cucumber Scenarios" data-provider="scenarios" finished-at="2023-11-21T12:49:38 EST" duration-ms="222" status="PASS">
          <params>
            <param index="0">
              <value>
                <![CDATA["Dietician delete patient details"]]>
              </value>
            </param>
            <param index="1">
              <value>
                <![CDATA["Patient Controller"]]>
              </value>
            </param>
          </params>
          <reporter-output>
          </reporter-output>
        </test-method> <!-- runScenario -->
        <test-method signature="runScenario(io.cucumber.testng.PickleWrapper,io.cucumber.testng.FeatureWrapper)[pri:0, instance:com.runner.TestRunner@2b40ff9c]" started-at="2023-11-21T12:49:38 EST" name="runScenario" description="Runs Cucumber Scenarios" data-provider="scenarios" finished-at="2023-11-21T12:49:38 EST" duration-ms="237" status="PASS">
          <params>
            <param index="0">
              <value>
                <![CDATA["Logout User"]]>
              </value>
            </param>
            <param index="1">
              <value>
                <![CDATA["Patient test report"]]>
              </value>
            </param>
          </params>
          <reporter-output>
          </reporter-output>
        </test-method> <!-- runScenario -->
        <test-method signature="runScenario(io.cucumber.testng.PickleWrapper,io.cucumber.testng.FeatureWrapper)[pri:0, instance:com.runner.TestRunner@2b40ff9c]" started-at="2023-11-21T12:49:38 EST" name="runScenario" description="Runs Cucumber Scenarios" data-provider="scenarios" finished-at="2023-11-21T12:49:39 EST" duration-ms="335" status="PASS">
          <params>
            <param index="0">
              <value>
                <![CDATA["Patient Login"]]>
              </value>
            </param>
            <param index="1">
              <value>
                <![CDATA["Patient test report"]]>
              </value>
            </param>
          </params>
          <reporter-output>
          </reporter-output>
        </test-method> <!-- runScenario -->
        <test-method signature="runScenario(io.cucumber.testng.PickleWrapper,io.cucumber.testng.FeatureWrapper)[pri:0, instance:com.runner.TestRunner@2b40ff9c]" started-at="2023-11-21T12:49:39 EST" name="runScenario" description="Runs Cucumber Scenarios" data-provider="scenarios" finished-at="2023-11-21T12:49:39 EST" duration-ms="296" status="PASS">
          <params>
            <param index="0">
              <value>
                <![CDATA["Patient test Report"]]>
              </value>
            </param>
            <param index="1">
              <value>
                <![CDATA["Patient test report"]]>
              </value>
            </param>
          </params>
          <reporter-output>
          </reporter-output>
        </test-method> <!-- runScenario -->
        <test-method signature="runScenario(io.cucumber.testng.PickleWrapper,io.cucumber.testng.FeatureWrapper)[pri:0, instance:com.runner.TestRunner@2b40ff9c]" started-at="2023-11-21T12:49:39 EST" name="runScenario" description="Runs Cucumber Scenarios" data-provider="scenarios" finished-at="2023-11-21T12:49:39 EST" duration-ms="245" status="PASS">
          <params>
            <param index="0">
              <value>
                <![CDATA["patient view test reports as files with invalid fileid"]]>
              </value>
            </param>
            <param index="1">
              <value>
                <![CDATA["Patient test report"]]>
              </value>
            </param>
          </params>
          <reporter-output>
          </reporter-output>
        </test-method> <!-- runScenario -->
        <test-method is-config="true" signature="tearDownClass()[pri:0, instance:com.runner.TestRunner@2b40ff9c]" started-at="2023-11-21T12:49:39 EST" name="tearDownClass" finished-at="2023-11-21T12:49:40 EST" duration-ms="159" status="PASS">
          <reporter-output>
          </reporter-output>
        </test-method> <!-- tearDownClass -->
      </class> <!-- com.runner.TestRunner -->
    </test> <!-- Default test -->
  </suite> <!-- Default suite -->
</testng-results>
